<?xml version="1.0" encoding="UTF-8"?>
<!-- Generated by org.testng.reporters.JUnitReportReporter -->
<testsuite hostname="LAPTOP-0NT22F0F" failures="0" tests="1" name="com.crm.qa.testcases.HomePageTest" time="11.351" errors="0" timestamp="2022-08-07T14:03:59 BST" skipped="0">
  <testcase classname="com.crm.qa.testcases.HomePageTest" name="HomepageSelectContactTest" time="11.351"/>
  <system-out/>
</testsuite> <!-- com.crm.qa.testcases.HomePageTest -->
