<?xml version="1.0" encoding="UTF-8"?>
<!-- Generated by org.testng.reporters.JUnitReportReporter -->
<testsuite hostname="LAPTOP-0NT22F0F" failures="0" tests="2" name="com.crm.qa.testcases.LoginPageTest" time="16.277" errors="0" timestamp="2022-08-07T14:02:12 BST" skipped="0">
  <testcase classname="com.crm.qa.testcases.LoginPageTest" name="LoginPageTittleTest" time="6.987"/>
  <system-out/>
  <testcase classname="com.crm.qa.testcases.LoginPageTest" name="LoginTest" time="9.290"/>
  <system-out/>
</testsuite> <!-- com.crm.qa.testcases.LoginPageTest -->
