<?xml version="1.0" encoding="UTF-8"?>
<!-- Generated by org.testng.reporters.JUnitReportReporter -->
<testsuite hostname="LAPTOP-0NT22F0F" failures="0" tests="1" name="com.crm.qa.testcases.BaseUrlTest" time="5.631" errors="0" timestamp="2022-08-07T20:58:36 BST" skipped="0">
  <testcase classname="com.crm.qa.testcases.BaseUrlTest" name="BaseUrlPageLogoTest" time="5.631"/>
  <system-out/>
</testsuite> <!-- com.crm.qa.testcases.BaseUrlTest -->
